<?xml version="1.0" encoding="UTF-8"?>
<testng-results ignored="0" total="2" passed="2" failed="0" skipped="0">
  <reporter-output>
  </reporter-output>
  <suite started-at="2023-02-07T02:09:16 IST" name="Default suite" finished-at="2023-02-07T02:10:05 IST" duration-ms="48525">
    <groups>
    </groups>
    <test started-at="2023-02-07T02:09:16 IST" name="Default test" finished-at="2023-02-07T02:10:05 IST" duration-ms="48525">
      <class name="com.TestNG.VerifyResisterPage">
        <test-method is-config="true" signature="launchBrowser()[pri:0, instance:com.TestNG.VerifyResisterPage@17046283]" started-at="2023-02-07T02:09:16 IST" name="launchBrowser" finished-at="2023-02-07T02:09:20 IST" duration-ms="3437" status="PASS">
          <reporter-output>
          </reporter-output>
        </test-method> <!-- launchBrowser -->
        <test-method is-config="true" signature="openRegisterForm()[pri:0, instance:com.TestNG.VerifyResisterPage@17046283]" started-at="2023-02-07T02:09:20 IST" name="openRegisterForm" finished-at="2023-02-07T02:09:36 IST" duration-ms="16500" status="PASS">
          <reporter-output>
          </reporter-output>
        </test-method> <!-- openRegisterForm -->
        <test-method signature="VerifyBasicDetails()[pri:1, instance:com.TestNG.VerifyResisterPage@17046283]" started-at="2023-02-07T02:09:36 IST" name="VerifyBasicDetails" finished-at="2023-02-07T02:09:55 IST" duration-ms="18653" status="PASS">
          <reporter-output>
          </reporter-output>
        </test-method> <!-- VerifyBasicDetails -->
        <test-method is-config="true" signature="NavigateToMainPage()[pri:0, instance:com.TestNG.VerifyResisterPage@17046283]" started-at="2023-02-07T02:09:55 IST" name="NavigateToMainPage" finished-at="2023-02-07T02:09:55 IST" duration-ms="361" status="PASS">
          <reporter-output>
          </reporter-output>
        </test-method> <!-- NavigateToMainPage -->
        <test-method is-config="true" signature="openRegisterForm()[pri:0, instance:com.TestNG.VerifyResisterPage@17046283]" started-at="2023-02-07T02:09:55 IST" name="openRegisterForm" finished-at="2023-02-07T02:10:02 IST" duration-ms="6997" status="PASS">
          <reporter-output>
          </reporter-output>
        </test-method> <!-- openRegisterForm -->
        <test-method signature="verifyBooking()[pri:2, instance:com.TestNG.VerifyResisterPage@17046283]" started-at="2023-02-07T02:10:02 IST" name="verifyBooking" finished-at="2023-02-07T02:10:05 IST" duration-ms="2268" status="PASS">
          <reporter-output>
          </reporter-output>
        </test-method> <!-- verifyBooking -->
        <test-method is-config="true" signature="NavigateToMainPage()[pri:0, instance:com.TestNG.VerifyResisterPage@17046283]" started-at="2023-02-07T02:10:05 IST" name="NavigateToMainPage" finished-at="2023-02-07T02:10:05 IST" duration-ms="200" status="PASS">
          <reporter-output>
          </reporter-output>
        </test-method> <!-- NavigateToMainPage -->
        <test-method is-config="true" signature="CloseBrowser()[pri:0, instance:com.TestNG.VerifyResisterPage@17046283]" started-at="2023-02-07T02:10:05 IST" name="CloseBrowser" finished-at="2023-02-07T02:10:05 IST" duration-ms="1" status="PASS">
          <reporter-output>
          </reporter-output>
        </test-method> <!-- CloseBrowser -->
      </class> <!-- com.TestNG.VerifyResisterPage -->
    </test> <!-- Default test -->
  </suite> <!-- Default suite -->
</testng-results>
