<?xml version="1.0" encoding="UTF-8"?>
<testng-results ignored="0" total="2" passed="2" failed="0" skipped="0">
  <reporter-output>
  </reporter-output>
  <suite started-at="2023-03-10T01:43:35 IST" name="Default suite" finished-at="2023-03-10T01:44:36 IST" duration-ms="60622">
    <groups>
    </groups>
    <test started-at="2023-03-10T01:43:35 IST" name="Default test" finished-at="2023-03-10T01:44:36 IST" duration-ms="60622">
      <class name="com.TestNG.VerifyLeaderSpeakPage">
        <test-method is-config="true" signature="launchBrowser()[pri:0, instance:com.TestNG.VerifyLeaderSpeakPage@654f0d9c]" started-at="2023-03-10T01:43:35 IST" name="launchBrowser" finished-at="2023-03-10T01:43:53 IST" duration-ms="17441" status="PASS">
          <reporter-output>
          </reporter-output>
        </test-method> <!-- launchBrowser -->
        <test-method is-config="true" signature="launchMyConnectTing()[pri:0, instance:com.TestNG.VerifyLeaderSpeakPage@654f0d9c]" started-at="2023-03-10T01:43:53 IST" name="launchMyConnectTing" finished-at="2023-03-10T01:44:25 IST" duration-ms="32110" status="PASS">
          <reporter-output>
          </reporter-output>
        </test-method> <!-- launchMyConnectTing -->
        <test-method signature="verifyAnnouncementSection()[pri:1, instance:com.TestNG.VerifyLeaderSpeakPage@654f0d9c]" started-at="2023-03-10T01:44:25 IST" name="verifyAnnouncementSection" finished-at="2023-03-10T01:44:25 IST" duration-ms="335" status="PASS">
          <reporter-output>
          </reporter-output>
        </test-method> <!-- verifyAnnouncementSection -->
        <test-method is-config="true" signature="goToMainPage()[pri:0, instance:com.TestNG.VerifyLeaderSpeakPage@654f0d9c]" started-at="2023-03-10T01:44:25 IST" name="goToMainPage" finished-at="2023-03-10T01:44:27 IST" duration-ms="1751" status="PASS">
          <reporter-output>
          </reporter-output>
        </test-method> <!-- goToMainPage -->
        <test-method is-config="true" signature="launchMyConnectTing()[pri:0, instance:com.TestNG.VerifyLeaderSpeakPage@654f0d9c]" started-at="2023-03-10T01:44:27 IST" name="launchMyConnectTing" finished-at="2023-03-10T01:44:28 IST" duration-ms="436" status="PASS">
          <reporter-output>
          </reporter-output>
        </test-method> <!-- launchMyConnectTing -->
        <test-method signature="verifyLeaderSpeakButton()[pri:2, instance:com.TestNG.VerifyLeaderSpeakPage@654f0d9c]" started-at="2023-03-10T01:44:28 IST" name="verifyLeaderSpeakButton" finished-at="2023-03-10T01:44:34 IST" duration-ms="6789" status="PASS">
          <reporter-output>
          </reporter-output>
        </test-method> <!-- verifyLeaderSpeakButton -->
        <test-method is-config="true" signature="goToMainPage()[pri:0, instance:com.TestNG.VerifyLeaderSpeakPage@654f0d9c]" started-at="2023-03-10T01:44:34 IST" name="goToMainPage" finished-at="2023-03-10T01:44:36 IST" duration-ms="1637" status="PASS">
          <reporter-output>
          </reporter-output>
        </test-method> <!-- goToMainPage -->
      </class> <!-- com.TestNG.VerifyLeaderSpeakPage -->
    </test> <!-- Default test -->
  </suite> <!-- Default suite -->
</testng-results>
